watch/build/intermediates/manifest_merge_blame_file/debug/processDebugMainManifest/manifest-merger-blame-debug-report.txt
1<?xml version="1.0" encoding="utf-8"?>
2<manifest xmlns:android="http://schemas.android.com/apk/res/android"
3    package="uno.greg.music"
4    android:versionCode="1"
5    android:versionName="1.0" > <!-- <application -->
6    <!-- android:allowBackup="true" -->
7    <!-- android:icon="@mipmap/ic_launcher" -->
8    <!-- android:label="@string/app_name" -->
9    <!-- android:supportsRtl="true" -->
10    <!-- android:theme="@android:style/Theme.DeviceDefault"> -->
11    <!-- <uses-library -->
12    <!-- android:name="com.google.android.wearable" -->
13    <!-- android:required="true" /> -->
14    <!-- <uses-library -->
15    <!-- android:name="wear-sdk" -->
16    <!-- android:required="false" /> -->
17    <!-- &lt;!&ndash; -->
18    <!-- Set to true if your app is Standalone, that is, it does not require the handheld -->
19    <!-- app to run. -->
20    <!-- &ndash;&gt; -->
21    <!-- <meta-data -->
22    <!-- android:name="com.google.android.wearable.standalone" -->
23    <!-- android:value="true" /> -->
24    <!-- <activity -->
25    <!-- android:name=".core.MainActivity" -->
26    <!-- android:exported="true" -->
27    <!-- android:taskAffinity="" -->
28    <!-- android:theme="@style/MainActivityTheme.Starting"> -->
29    <!-- <intent-filter> -->
30    <!-- <action android:name="android.intent.action.MAIN" /> -->
31    <!-- <category android:name="android.intent.category.LAUNCHER" /> -->
32    <!-- </intent-filter> -->
33    <!-- </activity> -->
34    <!-- </application> -->
35    <uses-sdk
36        android:minSdkVersion="30"
37        android:targetSdkVersion="36" />
38
39    <uses-permission android:name="android.permission.WAKE_LOCK" />
39-->src/main/AndroidManifest.xml:6:5-68
39-->src/main/AndroidManifest.xml:6:22-65
40    <uses-permission android:name="android.permission.BLUETOOTH_CONNECT" />
40-->src/main/AndroidManifest.xml:7:5-76
40-->src/main/AndroidManifest.xml:7:22-73
41    <uses-permission android:name="android.permission.READ_MEDIA_AUDIO" />
41-->src/main/AndroidManifest.xml:8:5-75
41-->src/main/AndroidManifest.xml:8:22-72
42    <uses-permission android:name="android.permission.VIBRATE" />
42-->src/main/AndroidManifest.xml:9:5-66
42-->src/main/AndroidManifest.xml:9:22-63
43    <uses-permission android:name="android.permission.MANAGE_EXTERNAL_STORAGE" />
43-->src/main/AndroidManifest.xml:10:5-82
43-->src/main/AndroidManifest.xml:10:22-79
44    <uses-permission android:name="android.permission.READ_EXTERNAL_STORAGE" />
44-->src/main/AndroidManifest.xml:11:5-80
44-->src/main/AndroidManifest.xml:11:22-77
45    <uses-permission android:name="android.permission.WRITE_EXTERNAL_STORAGE" />
45-->src/main/AndroidManifest.xml:12:5-81
45-->src/main/AndroidManifest.xml:12:22-78
46    <uses-permission android:name="android.permission.ACCESS_MEDIA_LOCATION" />
46-->src/main/AndroidManifest.xml:13:5-80
46-->src/main/AndroidManifest.xml:13:22-77
47    <uses-permission android:name="android.permission.MANAGE_MEDIA" />
47-->src/main/AndroidManifest.xml:14:5-71
47-->src/main/AndroidManifest.xml:14:22-68
48    <uses-permission android:name="android.permission.REQUEST_INSTALL_PACKAGES" />
48-->src/main/AndroidManifest.xml:15:5-82
48-->src/main/AndroidManifest.xml:15:22-80
49    <uses-permission android:name="com.google.android.gms.permission.BIND_LISTENER" />
49-->src/main/AndroidManifest.xml:16:5-123
49-->src/main/AndroidManifest.xml:16:22-84
50
51    <uses-feature android:name="android.hardware.type.watch" />
51-->src/main/AndroidManifest.xml:18:5-64
51-->src/main/AndroidManifest.xml:18:19-61
52
53    <permission
53-->[androidx.core:core:1.16.0] AndroidManifest.xml:22:5-24:47
54        android:name="uno.greg.music.DYNAMIC_RECEIVER_NOT_EXPORTED_PERMISSION"
54-->[androidx.core:core:1.16.0] AndroidManifest.xml:23:9-81
55        android:protectionLevel="signature" />
55-->[androidx.core:core:1.16.0] AndroidManifest.xml:24:9-44
56
57    <uses-permission android:name="uno.greg.music.DYNAMIC_RECEIVER_NOT_EXPORTED_PERMISSION" />
57-->[androidx.core:core:1.16.0] AndroidManifest.xml:26:5-97
57-->[androidx.core:core:1.16.0] AndroidManifest.xml:26:22-94
58
59    <application
59-->src/main/AndroidManifest.xml:20:5-115:19
60        android:name="uno.greg.music.Music"
60-->src/main/AndroidManifest.xml:21:9-30
61        android:allowBackup="true"
61-->src/main/AndroidManifest.xml:22:9-35
62        android:appComponentFactory="androidx.core.app.CoreComponentFactory"
62-->[androidx.core:core:1.16.0] AndroidManifest.xml:28:18-86
63        android:debuggable="true"
64        android:extractNativeLibs="false"
65        android:icon="@mipmap/ic_launcher"
65-->src/main/AndroidManifest.xml:23:9-43
66        android:label="@string/app_name"
66-->src/main/AndroidManifest.xml:24:9-41
67        android:requestLegacyExternalStorage="true"
67-->src/main/AndroidManifest.xml:25:9-52
68        android:supportsRtl="true"
68-->src/main/AndroidManifest.xml:26:9-35
69        android:testOnly="true"
70        android:theme="@style/TealTheme" >
70-->src/main/AndroidManifest.xml:27:9-41
71        <service
71-->src/main/AndroidManifest.xml:29:9-38:19
72            android:name="uno.greg.music.ui.MyWearListenerService"
72-->src/main/AndroidManifest.xml:30:13-53
73            android:exported="true" >
73-->src/main/AndroidManifest.xml:31:13-36
74            <intent-filter>
74-->src/main/AndroidManifest.xml:33:13-37:29
75                <action android:name="com.google.android.gms.wearable.MESSAGE_RECEIVED" />
75-->src/main/AndroidManifest.xml:34:17-91
75-->src/main/AndroidManifest.xml:34:25-88
76
77                <data
77-->src/main/AndroidManifest.xml:35:17-94
78                    android:host="*"
78-->src/main/AndroidManifest.xml:35:45-61
79                    android:path="/hello_message"
79-->src/main/AndroidManifest.xml:35:62-91
80                    android:scheme="wear" />
80-->src/main/AndroidManifest.xml:35:23-44
81                <data
81-->src/main/AndroidManifest.xml:35:17-94
82                    android:host="*"
82-->src/main/AndroidManifest.xml:35:45-61
83                    android:path="/mp"
83-->src/main/AndroidManifest.xml:35:62-91
84                    android:scheme="wear" />
84-->src/main/AndroidManifest.xml:35:23-44
85            </intent-filter>
86        </service>
87
88        <activity
88-->src/main/AndroidManifest.xml:40:9-45:20
89            android:name="uno.greg.music.ui.MainActivity"
89-->src/main/AndroidManifest.xml:41:13-44
90            android:exported="true"
90-->src/main/AndroidManifest.xml:42:13-36
91            android:manageSpaceActivity="true"
91-->src/main/AndroidManifest.xml:43:13-47
92            android:taskAffinity=".ui.MainActivity" >
92-->src/main/AndroidManifest.xml:44:13-52
93        </activity>
94        <activity
94-->src/main/AndroidManifest.xml:47:9-56:20
95            android:name="uno.greg.music.ui.SettingsActivity"
95-->src/main/AndroidManifest.xml:48:13-48
96            android:exported="true"
96-->src/main/AndroidManifest.xml:49:13-36
97            android:manageSpaceActivity="true"
97-->src/main/AndroidManifest.xml:50:13-47
98            android:taskAffinity=".ui.SettingsActivity" >
98-->src/main/AndroidManifest.xml:51:13-56
99            <intent-filter>
99-->src/main/AndroidManifest.xml:52:13-55:29
100                <action android:name="android.intent.action.MAIN" />
100-->src/main/AndroidManifest.xml:53:17-69
100-->src/main/AndroidManifest.xml:53:25-66
101
102                <category android:name="android.intent.category.LAUNCHER" />
102-->src/main/AndroidManifest.xml:54:17-77
102-->src/main/AndroidManifest.xml:54:27-74
103            </intent-filter>
104        </activity>
105        <activity
105-->src/main/AndroidManifest.xml:58:9-63:54
106            android:name="uno.greg.music.ui.MenuActivity"
106-->src/main/AndroidManifest.xml:59:13-44
107            android:exported="true"
107-->src/main/AndroidManifest.xml:61:13-36
108            android:manageSpaceActivity="true"
108-->src/main/AndroidManifest.xml:62:13-47
109            android:noHistory="true"
109-->src/main/AndroidManifest.xml:60:13-37
110            android:taskAffinity=".ui.FileActivity" />
110-->src/main/AndroidManifest.xml:63:13-52
111        <activity
111-->src/main/AndroidManifest.xml:65:9-68:54
112            android:name="uno.greg.music.ui.action.ActionDeleteActivity"
112-->src/main/AndroidManifest.xml:65:19-65
113            android:exported="true"
113-->src/main/AndroidManifest.xml:66:13-36
114            android:manageSpaceActivity="true"
114-->src/main/AndroidManifest.xml:67:13-47
115            android:taskAffinity=".ui.FileActivity" />
115-->src/main/AndroidManifest.xml:68:13-52
116
117        <!-- <activity android:name=".ui.SettingsActivity" -->
118        <!-- android:exported="true" -->
119        <!-- android:manageSpaceActivity="true" -->
120        <!-- android:taskAffinity=".ui.SettingsActivity"/> -->
121
122        <activity
122-->src/main/AndroidManifest.xml:75:9-78:81
123            android:name="androidx.wear.activity.ConfirmationActivity"
123-->src/main/AndroidManifest.xml:75:19-77
124            android:exported="true"
124-->src/main/AndroidManifest.xml:76:13-36
125            android:manageSpaceActivity="true"
125-->src/main/AndroidManifest.xml:77:13-47
126            android:taskAffinity="androidx.wear.activity.ConfirmationActivity" />
126-->src/main/AndroidManifest.xml:78:13-79
127        <activity
127-->src/main/AndroidManifest.xml:80:9-83:54
128            android:name="uno.greg.music.ui.action.ActionRenameActivity"
128-->src/main/AndroidManifest.xml:80:19-65
129            android:exported="true"
129-->src/main/AndroidManifest.xml:81:13-36
130            android:manageSpaceActivity="true"
130-->src/main/AndroidManifest.xml:82:13-47
131            android:taskAffinity=".ui.FileActivity" />
131-->src/main/AndroidManifest.xml:83:13-52
132        <activity
132-->src/main/AndroidManifest.xml:85:9-88:54
133            android:name="uno.greg.music.ui.action.ActionNewFolderActivity"
133-->src/main/AndroidManifest.xml:85:19-68
134            android:exported="true"
134-->src/main/AndroidManifest.xml:86:13-36
135            android:manageSpaceActivity="true"
135-->src/main/AndroidManifest.xml:87:13-47
136            android:taskAffinity=".ui.FileActivity" />
136-->src/main/AndroidManifest.xml:88:13-52
137        <activity
137-->src/main/AndroidManifest.xml:90:9-93:54
138            android:name="uno.greg.music.ui.action.ActionTransferActivity"
138-->src/main/AndroidManifest.xml:90:19-67
139            android:exported="true"
139-->src/main/AndroidManifest.xml:91:13-36
140            android:manageSpaceActivity="true"
140-->src/main/AndroidManifest.xml:92:13-47
141            android:taskAffinity=".ui.FileActivity" />
141-->src/main/AndroidManifest.xml:93:13-52
142
143        <provider
144            android:name="androidx.core.content.FileProvider"
144-->src/main/AndroidManifest.xml:96:13-62
145            android:authorities="uno.greg.music.provider"
145-->src/main/AndroidManifest.xml:97:13-60
146            android:exported="false"
146-->src/main/AndroidManifest.xml:98:13-37
147            android:grantUriPermissions="true" >
147-->src/main/AndroidManifest.xml:99:13-47
148            <meta-data
148-->src/main/AndroidManifest.xml:100:13-102:58
149                android:name="android.support.FILE_PROVIDER_PATHS"
149-->src/main/AndroidManifest.xml:101:17-67
150                android:resource="@xml/provider_paths" />
150-->src/main/AndroidManifest.xml:102:17-55
151        </provider>
152
153        <uses-library
153-->src/main/AndroidManifest.xml:105:9-107:39
154            android:name="com.google.android.wearable"
154-->src/main/AndroidManifest.xml:106:13-55
155            android:required="true" />
155-->src/main/AndroidManifest.xml:107:13-36
156        <!--
157               Set to true if your app is Standalone, that is, it does not require the handheld
158               app to run.
159        -->
160        <meta-data
160-->src/main/AndroidManifest.xml:112:9-114:36
161            android:name="com.google.android.wearable.standalone"
161-->src/main/AndroidManifest.xml:113:13-66
162            android:value="true" />
162-->src/main/AndroidManifest.xml:114:13-33
163
164        <uses-library
164-->[androidx.wear:wear-remote-interactions:1.1.0] AndroidManifest.xml:23:9-25:40
165            android:name="wear-sdk"
165-->[androidx.wear:wear-remote-interactions:1.1.0] AndroidManifest.xml:24:13-36
166            android:required="false" />
166-->[androidx.wear:wear-remote-interactions:1.1.0] AndroidManifest.xml:25:13-37
167
168        <activity
168-->[com.google.android.gms:play-services-base:18.5.0] AndroidManifest.xml:5:9-173
169            android:name="com.google.android.gms.common.api.GoogleApiActivity"
169-->[com.google.android.gms:play-services-base:18.5.0] AndroidManifest.xml:5:19-85
170            android:exported="false"
170-->[com.google.android.gms:play-services-base:18.5.0] AndroidManifest.xml:5:146-170
171            android:theme="@android:style/Theme.Translucent.NoTitleBar" />
171-->[com.google.android.gms:play-services-base:18.5.0] AndroidManifest.xml:5:86-145
172
173        <meta-data
173-->[com.google.android.gms:play-services-basement:18.4.0] AndroidManifest.xml:6:9-122
174            android:name="com.google.android.gms.version"
174-->[com.google.android.gms:play-services-basement:18.4.0] AndroidManifest.xml:6:20-65
175            android:value="@integer/google_play_services_version" />
175-->[com.google.android.gms:play-services-basement:18.4.0] AndroidManifest.xml:6:66-119
176
177        <activity
177-->[androidx.compose.ui:ui-tooling-android:1.7.0] AndroidManifest.xml:23:9-25:39
178            android:name="androidx.compose.ui.tooling.PreviewActivity"
178-->[androidx.compose.ui:ui-tooling-android:1.7.0] AndroidManifest.xml:24:13-71
179            android:exported="true" />
179-->[androidx.compose.ui:ui-tooling-android:1.7.0] AndroidManifest.xml:25:13-36
180        <activity
180-->[androidx.compose.ui:ui-test-manifest:1.7.0] AndroidManifest.xml:23:9-25:39
181            android:name="androidx.activity.ComponentActivity"
181-->[androidx.compose.ui:ui-test-manifest:1.7.0] AndroidManifest.xml:24:13-63
182            android:exported="true" />
182-->[androidx.compose.ui:ui-test-manifest:1.7.0] AndroidManifest.xml:25:13-36
183
184        <provider
184-->[androidx.emoji2:emoji2:1.3.0] AndroidManifest.xml:24:9-32:20
185            android:name="androidx.startup.InitializationProvider"
185-->[androidx.emoji2:emoji2:1.3.0] AndroidManifest.xml:25:13-67
186            android:authorities="uno.greg.music.androidx-startup"
186-->[androidx.emoji2:emoji2:1.3.0] AndroidManifest.xml:26:13-68
187            android:exported="false" >
187-->[androidx.emoji2:emoji2:1.3.0] AndroidManifest.xml:27:13-37
188            <meta-data
188-->[androidx.emoji2:emoji2:1.3.0] AndroidManifest.xml:29:13-31:52
189                android:name="androidx.emoji2.text.EmojiCompatInitializer"
189-->[androidx.emoji2:emoji2:1.3.0] AndroidManifest.xml:30:17-75
190                android:value="androidx.startup" />
190-->[androidx.emoji2:emoji2:1.3.0] AndroidManifest.xml:31:17-49
191            <meta-data
191-->[androidx.lifecycle:lifecycle-process:2.9.0] AndroidManifest.xml:29:13-31:52
192                android:name="androidx.lifecycle.ProcessLifecycleInitializer"
192-->[androidx.lifecycle:lifecycle-process:2.9.0] AndroidManifest.xml:30:17-78
193                android:value="androidx.startup" />
193-->[androidx.lifecycle:lifecycle-process:2.9.0] AndroidManifest.xml:31:17-49
194            <meta-data
194-->[androidx.profileinstaller:profileinstaller:1.4.0] AndroidManifest.xml:29:13-31:52
195                android:name="androidx.profileinstaller.ProfileInstallerInitializer"
195-->[androidx.profileinstaller:profileinstaller:1.4.0] AndroidManifest.xml:30:17-85
196                android:value="androidx.startup" />
196-->[androidx.profileinstaller:profileinstaller:1.4.0] AndroidManifest.xml:31:17-49
197        </provider>
198
199        <receiver
199-->[androidx.profileinstaller:profileinstaller:1.4.0] AndroidManifest.xml:34:9-52:20
200            android:name="androidx.profileinstaller.ProfileInstallReceiver"
200-->[androidx.profileinstaller:profileinstaller:1.4.0] AndroidManifest.xml:35:13-76
201            android:directBootAware="false"
201-->[androidx.profileinstaller:profileinstaller:1.4.0] AndroidManifest.xml:36:13-44
202            android:enabled="true"
202-->[androidx.profileinstaller:profileinstaller:1.4.0] AndroidManifest.xml:37:13-35
203            android:exported="true"
203-->[androidx.profileinstaller:profileinstaller:1.4.0] AndroidManifest.xml:38:13-36
204            android:permission="android.permission.DUMP" >
204-->[androidx.profileinstaller:profileinstaller:1.4.0] AndroidManifest.xml:39:13-57
205            <intent-filter>
205-->[androidx.profileinstaller:profileinstaller:1.4.0] AndroidManifest.xml:40:13-42:29
206                <action android:name="androidx.profileinstaller.action.INSTALL_PROFILE" />
206-->[androidx.profileinstaller:profileinstaller:1.4.0] AndroidManifest.xml:41:17-91
206-->[androidx.profileinstaller:profileinstaller:1.4.0] AndroidManifest.xml:41:25-88
207            </intent-filter>
208            <intent-filter>
208-->[androidx.profileinstaller:profileinstaller:1.4.0] AndroidManifest.xml:43:13-45:29
209                <action android:name="androidx.profileinstaller.action.SKIP_FILE" />
209-->[androidx.profileinstaller:profileinstaller:1.4.0] AndroidManifest.xml:44:17-85
209-->[androidx.profileinstaller:profileinstaller:1.4.0] AndroidManifest.xml:44:25-82
210            </intent-filter>
211            <intent-filter>
211-->[androidx.profileinstaller:profileinstaller:1.4.0] AndroidManifest.xml:46:13-48:29
212                <action android:name="androidx.profileinstaller.action.SAVE_PROFILE" />
212-->[androidx.profileinstaller:profileinstaller:1.4.0] AndroidManifest.xml:47:17-88
212-->[androidx.profileinstaller:profileinstaller:1.4.0] AndroidManifest.xml:47:25-85
213            </intent-filter>
214            <intent-filter>
214-->[androidx.profileinstaller:profileinstaller:1.4.0] AndroidManifest.xml:49:13-51:29
215                <action android:name="androidx.profileinstaller.action.BENCHMARK_OPERATION" />
215-->[androidx.profileinstaller:profileinstaller:1.4.0] AndroidManifest.xml:50:17-95
215-->[androidx.profileinstaller:profileinstaller:1.4.0] AndroidManifest.xml:50:25-92
216            </intent-filter>
217        </receiver>
218    </application>
219
220</manifest>